Information: Size of intermediate NC data: 12kb
Information: property: writeMachine=false [false]
Information: property: preloadTool=false [false]
Information: property: showSequenceNumbers=true [true]
Information: property: sequenceNumberStart=10 [10]
Information: property: sequenceNumberIncrement=1 [1]
Information: property: optionalStop=true [true]
Information: property: separateWordsWithSpace=true [true]
Information: property: useRadius=false [false]
Information: property: maximumSpindleSpeed=3500 [3500]
Information: property: showNotes=false [false]
Information: property: useGangTooling=false [false]
Information: property: useQCTP=false [false]
Information: property: debugOutput=true [true]
Information: Configuration: LinuxCNC lathe postprocessor
Information: Vendor: Viljo Marrandi
Information: Posting intermediate data to '--unit=MM'
Information: Elapsed time: 00:00.122
Information: Total number of warnings: 1
Information: Size of output: 451 bytes
Code page changed to '1252  (ANSI - Latin I)'
Command-line: "C:\Users\vilts\AppData\Local\Autodesk\webdeploy\production\f9042f554b0a0c3d14c46a7d9f3679baf42fdd2d\Applications\CAM360\post.exe" "C:\Dropbox\Misc projects\linuxcnc-f360\linuxcnc_lathe.cps" C:\Users\vilts\AppData\Local\Temp\Fusion360CAM\1\post_devel.cnc --unit=MM --verbose
Start time: Sunday, March 12, 2017 08:40:47
Code page changed to '20127 (US-ASCII)'
Post processor engine: 4.2.1 41304
Configuration path: C:\Dropbox\Misc projects\linuxcnc-f360\linuxcnc_lathe.cps
Include paths: C:\Dropbox\Misc projects\linuxcnc-f360
Configuration modification date: Sunday, March 12, 2017 08:27:33
Output path: --unit=MM
Checksum of intermediate NC data: c6d9e7e34d07101985885ebf67aa4bd9
Checksum of configuration: fa070e48f1bfada332b7bd552326aed7
Vendor url: http://www.autodesk.com
Legal: Copyright (C) 2012-2017 by Autodesk, Inc.
Generated by: Fusion 360 CAM 2.0.2865
...
Warning: Work offset has not been specified. Using G54 as WCS.
Stop time: Sunday, March 12, 2017 08:40:48
Post processing completed successfully.
